<?xml version="1.0" encoding="UTF-8" standalone="no"?><testsuite errors="0" failures="0" hostname="vd-hoyosroh" name="default.test" tests="22" time="7.94600"><properties>
[...]
</properties><testcase classname="default.test" name="enumeration_value_fails_for_invalid_name" time="0.00300000"/><testcase classname="default.test" name="enumeration_value_fails_for_invalid_literal" time="0.0180000"/><testcase classname="default.test" name="get_enumeration_value_matches" time="0.0140000"/><testcase classname="default.test" name="get_all_by_type_for_type" time="1.70900"/><testcase classname="default.test" name="get_all_by_type_for_new_term_stereotype" time="1.30200"/><testcase classname="default.test" name="get_all_by_kind_for_type" time="0.0260000"/><testcase classname="default.test" name="get_all_by_kind_for_new_term_stereotype" time="1.38400"/><testcase classname="default.test" name="create_stereotype_instance_without_paramteres" time="0.873000"/><testcase classname="default.test" name="get_type_of_matches_metaclass" time="0.0460000"/><testcase classname="default.test" name="is_of_kind_false_for_wrong_metaclass" time="0.00500000"/><testcase classname="default.test" name="is_of_kind_true_for_correct_metaclass" time="0.00700000"/><testcase classname="default.test" name="is_of_kind_true_for_correct_stereotype" time="0.506000"/><testcase classname="default.test" name="is_of_type_false_for_wrong_metaclass" time="0.00900000"/><testcase classname="default.test" name="is_of_type_false_for_wrong_stereotype" time="0.643000"/><testcase classname="default.test" name="is_of_type_true_for_correct_metaclass" time="0.00900000"/><testcase classname="default.test" name="is_of_type_true_for_correct_stereotype" time="0.585000"/><testcase classname="default.test" name="get_property_from_api" time="0.00200000"/><testcase classname="default.test" name="get_property_from_tag" time="0.0160000"/><testcase classname="default.test" name="set_property_from_api" time="0.0140000"/><testcase classname="default.test" name="set_property_from_tag" time="0.0300000"/><testcase classname="default.test" name="create_metaclass_instance_without_paramteres" time="0.00800000"/><testcase classname="default.test" name="is_of_kind_false_for_wrong_stereotype" time="0.722000"/><system-out>Test enumeration_value_fails_for_invalid_name {} passed [cpu: 15 ms, wallclock: 3 ms]&#13;
Test enumeration_value_fails_for_invalid_literal {} passed [cpu: 0 ms, wallclock: 18 ms]&#13;
Test get_enumeration_value_matches {} passed [cpu: 15 ms, wallclock: 14 ms]&#13;
Test get_all_by_type_for_type {} passed [cpu: 703 ms, wallclock: 1709 ms]&#13;
Test get_all_by_type_for_new_term_stereotype {} passed [cpu: 78 ms, wallclock: 1302 ms]&#13;
Test get_all_by_kind_for_type {} passed [cpu: 0 ms, wallclock: 26 ms]&#13;
Test get_all_by_kind_for_new_term_stereotype {} passed [cpu: 46 ms, wallclock: 1384 ms]&#13;
Test create_stereotype_instance_without_paramteres {} passed [cpu: 109 ms, wallclock: 873 ms]&#13;
Test get_type_of_matches_metaclass {} passed [cpu: 0 ms, wallclock: 46 ms]&#13;
Test is_of_kind_false_for_wrong_metaclass {} passed [cpu: 0 ms, wallclock: 5 ms]&#13;
Test is_of_kind_true_for_correct_metaclass {} passed [cpu: 0 ms, wallclock: 7 ms]&#13;
Test is_of_kind_true_for_correct_stereotype {} passed [cpu: 78 ms, wallclock: 506 ms]&#13;
Test is_of_type_false_for_wrong_metaclass {} passed [cpu: 15 ms, wallclock: 9 ms]&#13;
Test is_of_type_false_for_wrong_stereotype {} passed [cpu: 46 ms, wallclock: 643 ms]&#13;
Test is_of_type_true_for_correct_metaclass {} passed [cpu: 0 ms, wallclock: 9 ms]&#13;
Test is_of_type_true_for_correct_stereotype {} passed [cpu: 31 ms, wallclock: 585 ms]&#13;
Test get_property_from_api {} passed [cpu: 0 ms, wallclock: 2 ms]&#13;
Test get_property_from_tag {} passed [cpu: 0 ms, wallclock: 16 ms]&#13;
Test set_property_from_api {} passed [cpu: 0 ms, wallclock: 14 ms]&#13;
Test set_property_from_tag {} passed [cpu: 0 ms, wallclock: 30 ms]&#13;
Test create_metaclass_instance_without_paramteres {} passed [cpu: 15 ms, wallclock: 8 ms]&#13;
Test is_of_kind_false_for_wrong_stereotype {} passed [cpu: 46 ms, wallclock: 722 ms]&#13;
Test root {} passed [cpu: 1203 ms, wallclock: 7946 ms]&#13;
</system-out><system-err/></testsuite>